Sprint 7 Orchestrator Start Log
================================
Date: 2026-03-05

## Selected Issues (3)

| Priority | Issue | Label | Status |
|----------|-------|-------|--------|
| 1 | #48 - retry/circuit breaker 적용 | agent/developer | 기존 이슈, 구현 준비 완료 |
| 2 | #27 - STAC 미션 메타데이터 (기술 조사) | agent/researcher | 기존 이슈, 조사 단계 |
| 3 | #54 - circuit breaker 테스트 추가 | agent/developer | 신규 생성 |

## Actions Taken
- [x] gh issue list로 미할당 이슈 확인 (2개: #48, #27)
- [x] #27에 agent/researcher 라벨 추가
- [x] #54 신규 이슈 생성 (circuit breaker 테스트)
- [x] 3개 이슈 모두에 스프린트 계획 코멘트 작성

## Sprint Plan Summary
- #48 (P1): tenacity 기반 retry + 기존 CircuitBreaker를 외부 API 모듈에 통합
- #27 (P2): STAC API 기술 조사 및 아키텍처 설계 (구현은 Sprint 8)
- #54 (P3): CircuitBreaker 단위 테스트, #48 완료 후 retry 테스트 추가

## Next Steps
- agent/developer: #48 구현 시작
- agent/researcher: #27 STAC API 조사 시작
- agent/developer: #54는 #48 병행/후속 진행
